# JRE version: Java(TM) SE Runtime Environment (8.0_231-b11) (build 1.8.0_231-b11)
# Java VM: Java HotSpot(TM) 64-Bit Server VM (25.231-b11 mixed mode windows-amd64 compressed oops)
Heap:
 PSYoungGen      total 76288K, used 18443K [0x00000000f5580000, 0x00000000fcc80000, 0x0000000100000000)
  eden space 65536K, 17% used [0x00000000f5580000,0x00000000f6079718,0x00000000f9580000)
  from space 10752K, 67% used [0x00000000f9580000,0x00000000f9c89568,0x00000000fa000000)
  to   space 10752K, 0% used [0x00000000fc200000,0x00000000fc200000,0x00000000fcc80000)
 ParOldGen       total 175104K, used 3004K [0x00000000e0000000, 0x00000000eab00000, 0x00000000f5580000)
  object space 175104K, 1% used [0x00000000e0000000,0x00000000e02ef210,0x00000000eab00000)
 Metaspace       used 16150K, capacity 16572K, committed 16896K, reserved 1064960K
  class space    used 2360K, capacity 2490K, committed 2560K, reserved 1048576K
GC Heap History (8 events):
Event: 2.463 GC heap before
{Heap before GC invocations=1 (full 0):
 PSYoungGen      total 76288K, used 65536K [0x00000000f5580000, 0x00000000faa80000, 0x0000000100000000)
  eden space 65536K, 100% used [0x00000000f5580000,0x00000000f9580000,0x00000000f9580000)
  from space 10752K, 0% used [0x00000000fa000000,0x00000000fa000000,0x00000000faa80000)
  to   space 10752K, 0% used [0x00000000f9580000,0x00000000f9580000,0x00000000fa000000)
 ParOldGen       total 175104K, used 0K [0x00000000e0000000, 0x00000000eab00000, 0x00000000f5580000)
  object space 175104K, 0% used [0x00000000e0000000,0x00000000e0000000,0x00000000eab00000)
 Metaspace       used 7512K, capacity 7742K, committed 8064K, reserved 1056768K
  class space    used 992K, capacity 1077K, committed 1152K, reserved 1048576K
Event: 2.480 GC heap after
Heap after GC invocations=1 (full 0):
 PSYoungGen      total 76288K, used 6203K [0x00000000f5580000, 0x00000000faa80000, 0x0000000100000000)
  eden space 65536K, 0% used [0x00000000f5580000,0x00000000f5580000,0x00000000f9580000)
  from space 10752K, 57% used [0x00000000f9580000,0x00000000f9b8ee98,0x00000000fa000000)
  to   space 10752K, 0% used [0x00000000fa000000,0x00000000fa000000,0x00000000faa80000)
 ParOldGen       total 175104K, used 16K [0x00000000e0000000, 0x00000000eab00000, 0x00000000f5580000)
  object space 175104K, 0% used [0x00000000e0000000,0x00000000e0004000,0x00000000eab00000)
 Metaspace       used 7512K, capacity 7742K, committed 8064K, reserved 1056768K
  class space    used 992K, capacity 1077K, committed 1152K, reserved 1048576K
}
Event: 2.704 GC heap before
{Heap before GC invocations=2 (full 0):
 PSYoungGen      total 76288K, used 8143K [0x00000000f5580000, 0x00000000faa80000, 0x0000000100000000)
  eden space 65536K, 2% used [0x00000000f5580000,0x00000000f5764ed0,0x00000000f9580000)
  from space 10752K, 57% used [0x00000000f9580000,0x00000000f9b8ee98,0x00000000fa000000)
  to   space 10752K, 0% used [0x00000000fa000000,0x00000000fa000000,0x00000000faa80000)
 ParOldGen       total 175104K, used 16K [0x00000000e0000000, 0x00000000eab00000, 0x00000000f5580000)
  object space 175104K, 0% used [0x00000000e0000000,0x00000000e0004000,0x00000000eab00000)
 Metaspace       used 8310K, capacity 8510K, committed 8576K, reserved 1060864K
  class space    used 1078K, capacity 1141K, committed 1152K, reserved 1048576K
Event: 2.727 GC heap after
Heap after GC invocations=2 (full 0):
 PSYoungGen      total 76288K, used 3104K [0x00000000f5580000, 0x00000000faa80000, 0x0000000100000000)
  eden space 65536K, 0% used [0x00000000f5580000,0x00000000f5580000,0x00000000f9580000)
  from space 10752K, 28% used [0x00000000fa000000,0x00000000fa308040,0x00000000faa80000)
  to   space 10752K, 0% used [0x00000000f9580000,0x00000000f9580000,0x00000000fa000000)
 ParOldGen       total 175104K, used 24K [0x00000000e0000000, 0x00000000eab00000, 0x00000000f5580000)
  object space 175104K, 0% used [0x00000000e0000000,0x00000000e0006000,0x00000000eab00000)
 Metaspace       used 8310K, capacity 8510K, committed 8576K, reserved 1060864K
  class space    used 1078K, capacity 1141K, committed 1152K, reserved 1048576K
}
Event: 2.727 GC heap before
{Heap before GC invocations=3 (full 1):
 PSYoungGen      total 76288K, used 3104K [0x00000000f5580000, 0x00000000faa80000, 0x0000000100000000)
  eden space 65536K, 0% used [0x00000000f5580000,0x00000000f5580000,0x00000000f9580000)
  from space 10752K, 28% used [0x00000000fa000000,0x00000000fa308040,0x00000000faa80000)
  to   space 10752K, 0% used [0x00000000f9580000,0x00000000f9580000,0x00000000fa000000)
 ParOldGen       total 175104K, used 24K [0x00000000e0000000, 0x00000000eab00000, 0x00000000f5580000)
  object space 175104K, 0% used [0x00000000e0000000,0x00000000e0006000,0x00000000eab00000)
 Metaspace       used 8310K, capacity 8510K, committed 8576K, reserved 1060864K
  class space    used 1078K, capacity 1141K, committed 1152K, reserved 1048576K
Event: 2.817 GC heap after
Heap after GC invocations=3 (full 1):
 PSYoungGen      total 76288K, used 0K [0x00000000f5580000, 0x00000000faa80000, 0x0000000100000000)
  eden space 65536K, 0% used [0x00000000f5580000,0x00000000f5580000,0x00000000f9580000)
  from space 10752K, 0% used [0x00000000fa000000,0x00000000fa000000,0x00000000faa80000)
  to   space 10752K, 0% used [0x00000000f9580000,0x00000000f9580000,0x00000000fa000000)
 ParOldGen       total 175104K, used 2996K [0x00000000e0000000, 0x00000000eab00000, 0x00000000f5580000)
  object space 175104K, 1% used [0x00000000e0000000,0x00000000e02ed210,0x00000000eab00000)
 Metaspace       used 8310K, capacity 8510K, committed 8576K, reserved 1058816K
  class space    used 1078K, capacity 1141K, committed 1152K, reserved 1048576K
}
Event: 5.254 GC heap before
{Heap before GC invocations=4 (full 1):
 PSYoungGen      total 76288K, used 65536K [0x00000000f5580000, 0x00000000faa80000, 0x0000000100000000)
  eden space 65536K, 100% used [0x00000000f5580000,0x00000000f9580000,0x00000000f9580000)
  from space 10752K, 0% used [0x00000000fa000000,0x00000000fa000000,0x00000000faa80000)
  to   space 10752K, 0% used [0x00000000f9580000,0x00000000f9580000,0x00000000fa000000)
 ParOldGen       total 175104K, used 2996K [0x00000000e0000000, 0x00000000eab00000, 0x00000000f5580000)
  object space 175104K, 1% used [0x00000000e0000000,0x00000000e02ed210,0x00000000eab00000)
 Metaspace       used 15106K, capacity 15484K, committed 15744K, reserved 1062912K
  class space    used 2195K, capacity 2362K, committed 2432K, reserved 1048576K
Event: 5.283 GC heap after
Heap after GC invocations=4 (full 1):
 PSYoungGen      total 76288K, used 7205K [0x00000000f5580000, 0x00000000fcc80000, 0x0000000100000000)
  eden space 65536K, 0% used [0x00000000f5580000,0x00000000f5580000,0x00000000f9580000)
  from space 10752K, 67% used [0x00000000f9580000,0x00000000f9c89568,0x00000000fa000000)
  to   space 10752K, 0% used [0x00000000fc200000,0x00000000fc200000,0x00000000fcc80000)
 ParOldGen       total 175104K, used 3004K [0x00000000e0000000, 0x00000000eab00000, 0x00000000f5580000)
  object space 175104K, 1% used [0x00000000e0000000,0x00000000e02ef210,0x00000000eab00000)
 Metaspace       used 15106K, capacity 15484K, committed 15744K, reserved 1062912K
  class space    used 2195K, capacity 2362K, committed 2432K, reserved 1048576K
}

